<?xml version="1.0" encoding="UTF-8"?>
<beans xmlns="http://www.springframework.org/schema/beans" 
    xmlns:jms="http://www.springframework.org/schema/jms" 
    xmlns:context="http://www.springframework.org/schema/context"
    xmlns:amq="http://activemq.apache.org/schema/core" 
    xmlns:xsi="http://www.w3.org/2001/XMLSchema-instance" 
    xmlns:util="http://www.springframework.org/schema/util"
    xmlns:mvc="http://www.springframework.org/schema/mvc"
    xsi:schemaLocation="
 http://www.springframework.org/schema/beans http://www.springframework.org/schema/beans/spring-beans-3.0.xsd
 http://www.springframework.org/schema/context http://www.springframework.org/schema/context/spring-context-3.0.xsd
 http://www.springframework.org/schema/jms http://www.springframework.org/schema/jms/spring-jms-3.0.xsd
 http://www.springframework.org/schema/util http://www.springframework.org/schema/util/spring-util-3.0.xsd
 http://www.springframework.org/schema/mvc http://www.springframework.org/schema/mvc/spring-mvc-3.0.xsd">


	<import resource="classpath:/etc/spring/shop-web-context.xml"/>

	<context:component-scan base-package="net.sorted.shop.web" />	
	 
</beans>